# JRE version: OpenJDK Runtime Environment (8.0_202-b03) (build 1.8.0_202-release-1483-b03)
# Java VM: OpenJDK 64-Bit Server VM (25.202-b03 mixed mode windows-amd64 compressed oops)
Heap:
 PSYoungGen      total 358400K, used 107205K [0x00000000e0000000, 0x00000000f9780000, 0x0000000100000000)
  eden space 300544K, 33% used [0x00000000e0000000,0x00000000e6216840,0x00000000f2580000)
  from space 57856K, 11% used [0x00000000f5d80000,0x00000000f641ade0,0x00000000f9600000)
  to   space 57344K, 0% used [0x00000000f2580000,0x00000000f2580000,0x00000000f5d80000)
 ParOldGen       total 238592K, used 90232K [0x00000000a0000000, 0x00000000ae900000, 0x00000000e0000000)
  object space 238592K, 37% used [0x00000000a0000000,0x00000000a581e3c0,0x00000000ae900000)
 Metaspace       used 95052K, capacity 98550K, committed 98776K, reserved 1134592K
  class space    used 11869K, capacity 12644K, committed 12800K, reserved 1048576K
GC Heap History (10 events):
Event: 819.793 GC heap before
{Heap before GC invocations=30 (full 3):
 PSYoungGen      total 281088K, used 277758K [0x00000000e0000000, 0x00000000f4e00000, 0x0000000100000000)
  eden space 238080K, 100% used [0x00000000e0000000,0x00000000ee880000,0x00000000ee880000)
  from space 43008K, 92% used [0x00000000f1800000,0x00000000f3ebfbd8,0x00000000f4200000)
  to   space 48640K, 0% used [0x00000000ee880000,0x00000000ee880000,0x00000000f1800000)
 ParOldGen       total 151040K, used 75554K [0x00000000a0000000, 0x00000000a9380000, 0x00000000e0000000)
  object space 151040K, 50% used [0x00000000a0000000,0x00000000a49c8838,0x00000000a9380000)
 Metaspace       used 85396K, capacity 88288K, committed 88536K, reserved 1126400K
  class space    used 10743K, capacity 11451K, committed 11520K, reserved 1048576K
Event: 819.843 GC heap after
Heap after GC invocations=30 (full 3):
 PSYoungGen      total 286720K, used 26559K [0x00000000e0000000, 0x00000000f6400000, 0x0000000100000000)
  eden space 238080K, 0% used [0x00000000e0000000,0x00000000e0000000,0x00000000ee880000)
  from space 48640K, 54% used [0x00000000ee880000,0x00000000f026fca0,0x00000000f1800000)
  to   space 48640K, 0% used [0x00000000f3480000,0x00000000f3480000,0x00000000f6400000)
 ParOldGen       total 151040K, used 75562K [0x00000000a0000000, 0x00000000a9380000, 0x00000000e0000000)
  object space 151040K, 50% used [0x00000000a0000000,0x00000000a49ca838,0x00000000a9380000)
 Metaspace       used 85396K, capacity 88288K, committed 88536K, reserved 1126400K
  class space    used 10743K, capacity 11451K, committed 11520K, reserved 1048576K
}
Event: 827.352 GC heap before
{Heap before GC invocations=31 (full 3):
 PSYoungGen      total 286720K, used 264639K [0x00000000e0000000, 0x00000000f6400000, 0x0000000100000000)
  eden space 238080K, 100% used [0x00000000e0000000,0x00000000ee880000,0x00000000ee880000)
  from space 48640K, 54% used [0x00000000ee880000,0x00000000f026fca0,0x00000000f1800000)
  to   space 48640K, 0% used [0x00000000f3480000,0x00000000f3480000,0x00000000f6400000)
 ParOldGen       total 151040K, used 75562K [0x00000000a0000000, 0x00000000a9380000, 0x00000000e0000000)
  object space 151040K, 50% used [0x00000000a0000000,0x00000000a49ca838,0x00000000a9380000)
 Metaspace       used 91395K, capacity 94752K, committed 94808K, reserved 1132544K
  class space    used 11563K, capacity 12363K, committed 12416K, reserved 1048576K
Event: 827.438 GC heap after
Heap after GC invocations=31 (full 3):
 PSYoungGen      total 309760K, used 43858K [0x00000000e0000000, 0x00000000f7100000, 0x0000000100000000)
  eden space 261120K, 0% used [0x00000000e0000000,0x00000000e0000000,0x00000000eff00000)
  from space 48640K, 90% used [0x00000000f3480000,0x00000000f5f54a50,0x00000000f6400000)
  to   space 54784K, 0% used [0x00000000eff00000,0x00000000eff00000,0x00000000f3480000)
 ParOldGen       total 151040K, used 75578K [0x00000000a0000000, 0x00000000a9380000, 0x00000000e0000000)
  object space 151040K, 50% used [0x00000000a0000000,0x00000000a49ce838,0x00000000a9380000)
 Metaspace       used 91395K, capacity 94752K, committed 94808K, reserved 1132544K
  class space    used 11563K, capacity 12363K, committed 12416K, reserved 1048576K
}
Event: 829.881 GC heap before
{Heap before GC invocations=32 (full 3):
 PSYoungGen      total 309760K, used 220033K [0x00000000e0000000, 0x00000000f7100000, 0x0000000100000000)
  eden space 261120K, 67% used [0x00000000e0000000,0x00000000eac0bd48,0x00000000eff00000)
  from space 48640K, 90% used [0x00000000f3480000,0x00000000f5f54a50,0x00000000f6400000)
  to   space 54784K, 0% used [0x00000000eff00000,0x00000000eff00000,0x00000000f3480000)
 ParOldGen       total 151040K, used 75578K [0x00000000a0000000, 0x00000000a9380000, 0x00000000e0000000)
  object space 151040K, 50% used [0x00000000a0000000,0x00000000a49ce838,0x00000000a9380000)
 Metaspace       used 94681K, capacity 98220K, committed 98280K, reserved 1134592K
  class space    used 11867K, capacity 12667K, committed 12672K, reserved 1048576K
Event: 829.944 GC heap after
Heap after GC invocations=32 (full 3):
 PSYoungGen      total 315904K, used 39625K [0x00000000e0000000, 0x00000000f9600000, 0x0000000100000000)
  eden space 261120K, 0% used [0x00000000e0000000,0x00000000e0000000,0x00000000eff00000)
  from space 54784K, 72% used [0x00000000eff00000,0x00000000f25b2530,0x00000000f3480000)
  to   space 57856K, 0% used [0x00000000f5d80000,0x00000000f5d80000,0x00000000f9600000)
 ParOldGen       total 151040K, used 75586K [0x00000000a0000000, 0x00000000a9380000, 0x00000000e0000000)
  object space 151040K, 50% used [0x00000000a0000000,0x00000000a49d0838,0x00000000a9380000)
 Metaspace       used 94681K, capacity 98220K, committed 98280K, reserved 1134592K
  class space    used 11867K, capacity 12667K, committed 12672K, reserved 1048576K
}
Event: 829.944 GC heap before
{Heap before GC invocations=33 (full 4):
 PSYoungGen      total 315904K, used 39625K [0x00000000e0000000, 0x00000000f9600000, 0x0000000100000000)
  eden space 261120K, 0% used [0x00000000e0000000,0x00000000e0000000,0x00000000eff00000)
  from space 54784K, 72% used [0x00000000eff00000,0x00000000f25b2530,0x00000000f3480000)
  to   space 57856K, 0% used [0x00000000f5d80000,0x00000000f5d80000,0x00000000f9600000)
 ParOldGen       total 151040K, used 75586K [0x00000000a0000000, 0x00000000a9380000, 0x00000000e0000000)
  object space 151040K, 50% used [0x00000000a0000000,0x00000000a49d0838,0x00000000a9380000)
 Metaspace       used 94681K, capacity 98220K, committed 98280K, reserved 1134592K
  class space    used 11867K, capacity 12667K, committed 12672K, reserved 1048576K
Event: 830.594 GC heap after
Heap after GC invocations=33 (full 4):
 PSYoungGen      total 315904K, used 0K [0x00000000e0000000, 0x00000000f9600000, 0x0000000100000000)
  eden space 261120K, 0% used [0x00000000e0000000,0x00000000e0000000,0x00000000eff00000)
  from space 54784K, 0% used [0x00000000eff00000,0x00000000eff00000,0x00000000f3480000)
  to   space 57856K, 0% used [0x00000000f5d80000,0x00000000f5d80000,0x00000000f9600000)
 ParOldGen       total 238592K, used 90224K [0x00000000a0000000, 0x00000000ae900000, 0x00000000e0000000)
  object space 238592K, 37% used [0x00000000a0000000,0x00000000a581c3c0,0x00000000ae900000)
 Metaspace       used 94528K, capacity 97868K, committed 98280K, reserved 1134592K
  class space    used 11811K, capacity 12571K, committed 12672K, reserved 1048576K
}
Event: 832.510 GC heap before
{Heap before GC invocations=34 (full 4):
 PSYoungGen      total 315904K, used 261120K [0x00000000e0000000, 0x00000000f9600000, 0x0000000100000000)
  eden space 261120K, 100% used [0x00000000e0000000,0x00000000eff00000,0x00000000eff00000)
  from space 54784K, 0% used [0x00000000eff00000,0x00000000eff00000,0x00000000f3480000)
  to   space 57856K, 0% used [0x00000000f5d80000,0x00000000f5d80000,0x00000000f9600000)
 ParOldGen       total 238592K, used 90224K [0x00000000a0000000, 0x00000000ae900000, 0x00000000e0000000)
  object space 238592K, 37% used [0x00000000a0000000,0x00000000a581c3c0,0x00000000ae900000)
 Metaspace       used 94944K, capacity 98474K, committed 98776K, reserved 1134592K
  class space    used 11864K, capacity 12644K, committed 12800K, reserved 1048576K
Event: 832.528 GC heap after
Heap after GC invocations=34 (full 4):
 PSYoungGen      total 358400K, used 6763K [0x00000000e0000000, 0x00000000f9780000, 0x0000000100000000)
  eden space 300544K, 0% used [0x00000000e0000000,0x00000000e0000000,0x00000000f2580000)
  from space 57856K, 11% used [0x00000000f5d80000,0x00000000f641ade0,0x00000000f9600000)
  to   space 57344K, 0% used [0x00000000f2580000,0x00000000f2580000,0x00000000f5d80000)
 ParOldGen       total 238592K, used 90232K [0x00000000a0000000, 0x00000000ae900000, 0x00000000e0000000)
  object space 238592K, 37% used [0x00000000a0000000,0x00000000a581e3c0,0x00000000ae900000)
 Metaspace       used 94944K, capacity 98474K, committed 98776K, reserved 1134592K
  class space    used 11864K, capacity 12644K, committed 12800K, reserved 1048576K
}

